<?xml version="1.0" encoding="UTF-8"?>
<!-- Generated by org.testng.reporters.JUnitReportReporter -->
<testsuite hostname="DESKTOP-6FBQHVM" failures="0" tests="1" name="Tests.test1" time="0.001" errors="0" timestamp="2021-05-18T10:45:50 CEST" skipped="0">
  <testcase classname="Tests.test1" name="fd" time="0.001"/>
  <system-out/>
</testsuite> <!-- Tests.test1 -->
